# JRE version: OpenJDK Runtime Environment (8.0_333-b02) (build 1.8.0_333-b02)
# Java VM: OpenJDK 64-Bit Server VM (25.333-b02 mixed mode windows-amd64 compressed oops)
Heap:
 PSYoungGen      total 1439744K, used 969366K [0x0000000580100000, 0x0000000617380000, 0x0000000800000000)
  eden space 1417728K, 67% used [0x0000000580100000,0x00000005bae75b30,0x00000005d6980000)
  from space 22016K, 24% used [0x0000000614880000,0x0000000614db0000,0x0000000615e00000)
  to   space 20992K, 0% used [0x0000000615f00000,0x0000000615f00000,0x0000000617380000)
 ParOldGen       total 1398272K, used 41680K [0x0000000080200000, 0x00000000d5780000, 0x0000000580100000)
  object space 1398272K, 2% used [0x0000000080200000,0x0000000082ab4358,0x00000000d5780000)
 Metaspace       used 8181K, capacity 8415K, committed 8704K, reserved 1056768K
  class space    used 831K, capacity 931K, committed 1024K, reserved 1048576K
GC Heap History (10 events):
Event: 220.069 GC heap before
{Heap before GC invocations=159 (full 0):
 PSYoungGen      total 900608K, used 900608K [0x0000000580100000, 0x000000061ad80000, 0x0000000800000000)
  eden space 883712K, 100% used [0x0000000580100000,0x00000005b6000000,0x00000005b6000000)
  from space 16896K, 100% used [0x0000000619d00000,0x000000061ad80000,0x000000061ad80000)
  to   space 23552K, 0% used [0x0000000617f80000,0x0000000617f80000,0x0000000619680000)
 ParOldGen       total 1398272K, used 41392K [0x0000000080200000, 0x00000000d5780000, 0x0000000580100000)
  object space 1398272K, 2% used [0x0000000080200000,0x0000000082a6c358,0x00000000d5780000)
 Metaspace       used 8175K, capacity 8415K, committed 8704K, reserved 1056768K
  class space    used 831K, capacity 931K, committed 1024K, reserved 1048576K
Event: 220.091 GC heap after
Heap after GC invocations=159 (full 0):
 PSYoungGen      total 1069056K, used 7744K [0x0000000580100000, 0x0000000619d80000, 0x0000000800000000)
  eden space 1060864K, 0% used [0x0000000580100000,0x0000000580100000,0x00000005c0d00000)
  from space 8192K, 94% used [0x0000000617f80000,0x0000000618710000,0x0000000618780000)
  to   space 22528K, 0% used [0x0000000618780000,0x0000000618780000,0x0000000619d80000)
 ParOldGen       total 1398272K, used 41432K [0x0000000080200000, 0x00000000d5780000, 0x0000000580100000)
  object space 1398272K, 2% used [0x0000000080200000,0x0000000082a76358,0x00000000d5780000)
 Metaspace       used 8175K, capacity 8415K, committed 8704K, reserved 1056768K
  class space    used 831K, capacity 931K, committed 1024K, reserved 1048576K
}
Event: 222.010 GC heap before
{Heap before GC invocations=160 (full 0):
 PSYoungGen      total 1069056K, used 1068607K [0x0000000580100000, 0x0000000619d80000, 0x0000000800000000)
  eden space 1060864K, 99% used [0x0000000580100000,0x00000005c0cffff8,0x00000005c0d00000)
  from space 8192K, 94% used [0x0000000617f80000,0x0000000618710000,0x0000000618780000)
  to   space 22528K, 0% used [0x0000000618780000,0x0000000618780000,0x0000000619d80000)
 ParOldGen       total 1398272K, used 41432K [0x0000000080200000, 0x00000000d5780000, 0x0000000580100000)
  object space 1398272K, 2% used [0x0000000080200000,0x0000000082a76358,0x00000000d5780000)
 Metaspace       used 8175K, capacity 8415K, committed 8704K, reserved 1056768K
  class space    used 831K, capacity 931K, committed 1024K, reserved 1048576K
Event: 222.031 GC heap after
Heap after GC invocations=160 (full 0):
 PSYoungGen      total 1286656K, used 12928K [0x0000000580100000, 0x0000000619480000, 0x0000000800000000)
  eden space 1273344K, 0% used [0x0000000580100000,0x0000000580100000,0x00000005cdc80000)
  from space 13312K, 97% used [0x0000000618780000,0x0000000619420000,0x0000000619480000)
  to   space 22528K, 0% used [0x0000000616880000,0x0000000616880000,0x0000000617e80000)
 ParOldGen       total 1398272K, used 41480K [0x0000000080200000, 0x00000000d5780000, 0x0000000580100000)
  object space 1398272K, 2% used [0x0000000080200000,0x0000000082a82358,0x00000000d5780000)
 Metaspace       used 8175K, capacity 8415K, committed 8704K, reserved 1056768K
  class space    used 831K, capacity 931K, committed 1024K, reserved 1048576K
}
Event: 224.251 GC heap before
{Heap before GC invocations=161 (full 0):
 PSYoungGen      total 1286656K, used 1286272K [0x0000000580100000, 0x0000000619480000, 0x0000000800000000)
  eden space 1273344K, 100% used [0x0000000580100000,0x00000005cdc80000,0x00000005cdc80000)
  from space 13312K, 97% used [0x0000000618780000,0x0000000619420000,0x0000000619480000)
  to   space 22528K, 0% used [0x0000000616880000,0x0000000616880000,0x0000000617e80000)
 ParOldGen       total 1398272K, used 41480K [0x0000000080200000, 0x00000000d5780000, 0x0000000580100000)
  object space 1398272K, 2% used [0x0000000080200000,0x0000000082a82358,0x00000000d5780000)
 Metaspace       used 8175K, capacity 8415K, committed 8704K, reserved 1056768K
  class space    used 831K, capacity 931K, committed 1024K, reserved 1048576K
Event: 224.271 GC heap after
Heap after GC invocations=161 (full 0):
 PSYoungGen      total 1535488K, used 6944K [0x0000000580100000, 0x0000000618800000, 0x0000000800000000)
  eden space 1528320K, 0% used [0x0000000580100000,0x0000000580100000,0x00000005dd580000)
  from space 7168K, 96% used [0x0000000616880000,0x0000000616f48000,0x0000000616f80000)
  to   space 21504K, 0% used [0x0000000617300000,0x0000000617300000,0x0000000618800000)
 ParOldGen       total 1398272K, used 41544K [0x0000000080200000, 0x00000000d5780000, 0x0000000580100000)
  object space 1398272K, 2% used [0x0000000080200000,0x0000000082a92358,0x00000000d5780000)
 Metaspace       used 8175K, capacity 8415K, committed 8704K, reserved 1056768K
  class space    used 831K, capacity 931K, committed 1024K, reserved 1048576K
}
Event: 226.716 GC heap before
{Heap before GC invocations=162 (full 0):
 PSYoungGen      total 1535488K, used 1535264K [0x0000000580100000, 0x0000000618800000, 0x0000000800000000)
  eden space 1528320K, 100% used [0x0000000580100000,0x00000005dd580000,0x00000005dd580000)
  from space 7168K, 96% used [0x0000000616880000,0x0000000616f48000,0x0000000616f80000)
  to   space 21504K, 0% used [0x0000000617300000,0x0000000617300000,0x0000000618800000)
 ParOldGen       total 1398272K, used 41544K [0x0000000080200000, 0x00000000d5780000, 0x0000000580100000)
  object space 1398272K, 2% used [0x0000000080200000,0x0000000082a92358,0x00000000d5780000)
 Metaspace       used 8175K, capacity 8415K, committed 8704K, reserved 1056768K
  class space    used 831K, capacity 931K, committed 1024K, reserved 1048576K
Event: 226.731 GC heap after
Heap after GC invocations=162 (full 0):
 PSYoungGen      total 1472000K, used 352K [0x0000000580100000, 0x0000000617380000, 0x0000000800000000)
  eden space 1471488K, 0% used [0x0000000580100000,0x0000000580100000,0x00000005d9e00000)
  from space 512K, 68% used [0x0000000617300000,0x0000000617358000,0x0000000617380000)
  to   space 22016K, 0% used [0x0000000614880000,0x0000000614880000,0x0000000615e00000)
 ParOldGen       total 1398272K, used 41592K [0x0000000080200000, 0x00000000d5780000, 0x0000000580100000)
  object space 1398272K, 2% used [0x0000000080200000,0x0000000082a9e358,0x00000000d5780000)
 Metaspace       used 8175K, capacity 8415K, committed 8704K, reserved 1056768K
  class space    used 831K, capacity 931K, committed 1024K, reserved 1048576K
}
Event: 229.633 GC heap before
{Heap before GC invocations=163 (full 0):
 PSYoungGen      total 1472000K, used 1471840K [0x0000000580100000, 0x0000000617380000, 0x0000000800000000)
  eden space 1471488K, 100% used [0x0000000580100000,0x00000005d9e00000,0x00000005d9e00000)
  from space 512K, 68% used [0x0000000617300000,0x0000000617358000,0x0000000617380000)
  to   space 22016K, 0% used [0x0000000614880000,0x0000000614880000,0x0000000615e00000)
 ParOldGen       total 1398272K, used 41592K [0x0000000080200000, 0x00000000d5780000, 0x0000000580100000)
  object space 1398272K, 2% used [0x0000000080200000,0x0000000082a9e358,0x00000000d5780000)
 Metaspace       used 8181K, capacity 8415K, committed 8704K, reserved 1056768K
  class space    used 831K, capacity 931K, committed 1024K, reserved 1048576K
Event: 229.650 GC heap after
Heap after GC invocations=163 (full 0):
 PSYoungGen      total 1439744K, used 5312K [0x0000000580100000, 0x0000000617380000, 0x0000000800000000)
  eden space 1417728K, 0% used [0x0000000580100000,0x0000000580100000,0x00000005d6980000)
  from space 22016K, 24% used [0x0000000614880000,0x0000000614db0000,0x0000000615e00000)
  to   space 20992K, 0% used [0x0000000615f00000,0x0000000615f00000,0x0000000617380000)
 ParOldGen       total 1398272K, used 41680K [0x0000000080200000, 0x00000000d5780000, 0x0000000580100000)
  object space 1398272K, 2% used [0x0000000080200000,0x0000000082ab4358,0x00000000d5780000)
 Metaspace       used 8181K, capacity 8415K, committed 8704K, reserved 1056768K
  class space    used 831K, capacity 931K, committed 1024K, reserved 1048576K
}

